Generating 3D model for part ERA-3AEB2262V.
	*Warning: Can't do orientation alignment on a 3D model which has no model properties.
Generating 3D model for part MP2615BGQ_Z.
	*Warning: Can't do orientation alignment on a 3D model which has no model properties.
Generating 3D model for part GRM21BR71H224JA01L.
	*Warning: Can't do orientation alignment on a 3D model which has no model properties.
Generating 3D model for part EEE1CA100SR.
Generating 3D model for part SS36.
	*Warning: Can't do orientation alignment on a 3D model which has no model properties.
Generating 3D model for part GRM1882C2A220JA01D.
	*Warning: Can't do orientation alignment on a 3D model which has no model properties.
Generating 3D model for part CRCW0402294RFKED_1292590488.
	*Warning: No mapping for cell/part CRCW0402294RFKED_1292590488
Generating 3D model for part BC807.
	*Warning: Can't do orientation alignment on a 3D model which has no model properties.
Generating 3D model for part 1206ZC226KAT2A.
	*Warning: Can't do orientation alignment on a 3D model which has no model properties.
Generating 3D model for part AO4407A_1341067483.
	*Warning: No mapping for cell/part AO4407A_1341067483
Generating 3D model for part MX23A18NF1.
Generating 3D model for part MP3423GG-P.
	*Warning: Can't do orientation alignment on a 3D model which has no model properties.
Generating 3D model for part MDWK4040T1R5MM.
	*Warning: Can't do orientation alignment on a 3D model which has no model properties.
Generating 3D model for part CAP0805.
	*Warning: Can't do orientation alignment on a 3D model which has no model properties.
Generating 3D model for part CRGP1206F120K.
	*Warning: Can't do orientation alignment on a 3D model which has no model properties.
Generating 3D model for part FDN359BN_F095_2265568783.
	*Warning: No mapping for cell/part FDN359BN_F095_2265568783
Generating 3D model for part 15465512.
Generating 3D model for part LDLN030G33R.
	*Warning: Can't do orientation alignment on a 3D model which has no model properties.
Generating 3D model for part LTST-C171GKT.
Generating 3D model for part MAX16171ATA_VY+.
	*Warning: Can't do orientation alignment on a 3D model which has no model properties.
Generating 3D model for part IRLML2502TRPBF_2162158772.
	*Warning: No mapping for cell/part IRLML2502TRPBF_2162158772
Generating 3D model for part XAL5050-153MEC.
	*Warning: Can't do orientation alignment on a 3D model which has no model properties.
Generating 3D model for part MP2565DQ-LF-Z.
	*Warning: Can't do orientation alignment on a 3D model which has no model properties.
Generating 3D model for part LM66100DCKR.
	*Warning: Can't do orientation alignment on a 3D model which has no model properties.
Generating 3D model for part EMVE250ADA101MF80G.
	*Warning: Can't do orientation alignment on a 3D model which has no model properties.
Generating 3D model for part U.FL-R-SMT-1(10)_1110013559.
	*Warning: No mapping for cell/part U.FL-R-SMT-1(10)_1110013559
Generating 3D model for part 641126-2.
Generating 3D model for part B3B-PH-K-S(LF)(SN).
Generating 3D model for part 826646-5.
Generating 3D model for part LQW18AN6N8D10J_1126235493.
	*Warning: No mapping for cell/part LQW18AN6N8D10J_1126235493
Generating 3D model for part MAX2659ELT+T_862385708.
	*Warning: No mapping for cell/part MAX2659ELT+T_862385708
Generating 3D model for part SIM868.
Generating 3D model for part SIM_CONNECTOR.
Generating 3D model for part MP2161GJP.
	*Warning: Can't do orientation alignment on a 3D model which has no model properties.
Generating 3D model for part 74438356010_660555939.
	*Warning: No mapping for cell/part 74438356010_660555939
Generating 3D model for part STM32F103RGT6TR.
	*Warning: Can't do orientation alignment on a 3D model which has no model properties.
Generating 3D model for part LTST-C171GKT.
Generating 3D model for part SIP32408DNP-T1-GE4.
	*Warning: Can't do orientation alignment on a 3D model which has no model properties.
Generating 3D model for part SN74AHC1G04DBVR.
	*Warning: Can't do orientation alignment on a 3D model which has no model properties.
Generating 3D model for part W25Q256JVEIM.
	*Warning: Can't do orientation alignment on a 3D model which has no model properties.
Generating 3D model for part BCW66GLT1G.
	*Warning: Can't do orientation alignment on a 3D model which has no model properties.
Generating 3D model for part 132134.
Generating 3D model for part ABM10163676MHZE20T.
Generating 3D model for part LIS2DH12TR.
Generating 3D model for part MCP2562-E_MF.
	*Warning: Can't do orientation alignment on a 3D model which has no model properties.
Generating 3D model for part PTS525SM15SMTR2LFS.
Generating 3D model for part CZRU52C3V3_4266172747.
	*Warning: No mapping for cell/part CZRU52C3V3_4266172747
Generating 3D model for part NRS6045T6R8MMGK.
	*Warning: Can't do orientation alignment on a 3D model which has no model properties.
