Drill Listing
=============
Drill: .0126  Tool: 1  Feed: 95  Speed: 300
X -61417  Y -108661
X -77165  Y -108661
X -69291  Y -108661
X -77165  Y -100787
X -61417  Y -100787
X -69291  Y -100787
X -85039  Y -100787
X -85039  Y -92913
X -77165  Y -92913
X -61417  Y -92913
X -69291  Y -92913
X -61417  Y -85039
X -77165  Y -85039
X -85039  Y -85039
X -69291  Y -85039
X -85039  Y -77165
X -77165  Y -77165
X -69291  Y -77165
X -61417  Y -77165
X -85039  Y -69291
X -77165  Y -69291
X -69291  Y -69291
X -61417  Y -69291
X -77165  Y -61417
X -69291  Y -61417
X -61417  Y -61417
X -85039  Y -61417
X -85039  Y -53543
X -77165  Y -53543
X -69291  Y -53543
X -85039  Y -45669
X -73622  Y -44881
X -85039  Y -37795
X -68100  Y -34800
X -85039  Y -29921
X -85039  Y -22047
X -85039  Y -14173
X -85039  Y -6299
X -73600  Y 600
X -85039  Y 1574
X -65748  Y 2362
X -65748  Y 7480
X -85039  Y 9448
X -64200  Y 11400
X -85039  Y 17322
X -85039  Y 25196
X -69291  Y 33070
X -61417  Y 33070
X -61417  Y 40944
X -69291  Y 40944
X -61417  Y 48818
X -69291  Y 48818
X -69291  Y 56692
X -85039  Y 80314
X -85039  Y 88188
X -77165  Y 88188
X -85039  Y 96062
X -77165  Y 96062
X -69291  Y 96062
X -77165  Y 103937
X -85039  Y 103937
X -69291  Y 103937
X -61417  Y 103937
X -85039  Y 111811
X -69291  Y 111811
X -61417  Y 111811
X -77165  Y 111811
X -85039  Y 119685
X -77165  Y 119685
X -61417  Y 119685
X -69291  Y 119685
X -85039  Y 127559
X -61417  Y 127559
X -77165  Y 127559
X -69291  Y 127559
X -69291  Y 135433
X -61417  Y 135433
X -77165  Y 135433
X -85039  Y 135433
X -77165  Y 143307
X -85039  Y 143307
X -61417  Y 143307
X -69291  Y 143307
X -85039  Y 151181
X -69291  Y 151181
X -61417  Y 151181
X -77165  Y 151181
X -85039  Y 159055
X -77165  Y 159055
X -61417  Y 159055
X -69291  Y 159055
X -85039  Y 166929
X -61417  Y 166929
X -61417  Y 182677
X -69291  Y 182677
X -61417  Y 190551
X -69291  Y 190551
X -85039  Y 198425
X -77165  Y 198425
X -69291  Y 198425
X -61417  Y 198425
X -85039  Y 206299
X -77165  Y 206299
X -69291  Y 206299
X -61417  Y 206299
X -85039  Y 214173
X -77165  Y 214173
X -69291  Y 214173
X -61417  Y 214173
X -69291  Y 222047
X -61417  Y 222047
X -77165  Y 222047
X -85039  Y 222047
X -85039  Y 229921
X -77165  Y 229921
X -61417  Y 229921
X -69291  Y 229921
X -69291  Y 237795
X -77165  Y 237795
X -61417  Y 237795
X -85039  Y 237795
X -61417  Y 245669
X -69291  Y 245669
X -45669  Y 245669
X -53543  Y 245669
X -37795  Y 245669
X -45669  Y 237795
X -53543  Y 237795
X -37795  Y 237795
X -53543  Y 229921
X -45669  Y 229921
X -37795  Y 229921
X -53543  Y 222047
X -45669  Y 222047
X -37795  Y 222047
X -53543  Y 214173
X -45669  Y 214173
X -37795  Y 214173
X -45669  Y 206299
X -53543  Y 206299
X -37795  Y 206299
X -45669  Y 198425
X -53543  Y 198425
X -37795  Y 198425
X -53543  Y 190551
X -45669  Y 190551
X -37795  Y 190551
X -45669  Y 182677
X -53543  Y 182677
X -53543  Y 166929
X -45669  Y 166929
X -37795  Y 166929
X -53543  Y 159055
X -53543  Y 151181
X -45669  Y 151181
X -45669  Y 143307
X -53543  Y 143307
X -45669  Y 135433
X -53543  Y 135433
X -53543  Y 127559
X -45669  Y 127559
X -45669  Y 119685
X -53543  Y 119685
X -45669  Y 111811
X -53543  Y 111811
X -45669  Y 96062
X -53543  Y 88188
X -45669  Y 88188
X -59448  Y 76771
X -52362  Y 75196
X -51574  Y 68897
X -59448  Y 67322
X -53543  Y 48818
X -40200  Y 47900
X -37795  Y 40944
X -53543  Y 40944
X -53543  Y 33070
X -37795  Y 25196
X -53543  Y 17322
X -37795  Y 9448
X -47244  Y -7086
X -57874  Y -13385
X -37795  Y -14173
X -57300  Y -21700
X -45669  Y -37795
X -37795  Y -37795
X -55511  Y -43700
X -45669  Y -45669
X -37795  Y -61417
X -53543  Y -77165
X -37795  Y -77165
X -45669  Y -77165
X -53543  Y -85039
X -45669  Y -85039
X -53543  Y -92913
X -53543  Y -100787
X -37795  Y -108661
X -53543  Y -108661
X -45669  Y -108661
X -14173  Y -108661
X -22047  Y -108661
X -29921  Y -108661
X -16141  Y -83070
X -29921  Y -77165
X -14173  Y -61417
X -14173  Y -45669
X -26377  Y -44881
X -33500  Y -36100
X -24803  Y -19685
X -20472  Y -7480
X -22047  Y 9448
X -33070  Y 14173
X -11800  Y 24000
X -22047  Y 25196
X -22047  Y 40944
X -34519  Y 53100
X -22047  Y 56692
X -22047  Y 80314
X -29921  Y 80314
X -14173  Y 88188
X -29921  Y 88188
X -22047  Y 96062
X -14173  Y 96062
X -14173  Y 103937
X -14173  Y 111811
X -14173  Y 119685
X -14173  Y 143307
X -31100  Y 143800
X -10700  Y 148000
X -22047  Y 151181
X -14173  Y 151181
X -23100  Y 161800
X -29921  Y 166929
X -22047  Y 182677
X -14173  Y 182677
X -14173  Y 190551
X -22047  Y 190551
X -14173  Y 198425
X -22047  Y 198425
X -29921  Y 198425
X -29921  Y 206299
X -22047  Y 206299
X -14173  Y 206299
X -29921  Y 214173
X -32000  Y 221100
X -14173  Y 229921
X -29921  Y 229921
X -29921  Y 237795
X -22047  Y 245669
X -14173  Y 245669
X -393  Y 239763
X 7480  Y 239763
X -6299  Y 229921
X 9448  Y 229921
X -1000  Y 225800
X 9448  Y 222047
X 1574  Y 222047
X -2800  Y 215900
X 10700  Y 208300
X -6299  Y 206299
X -6299  Y 198425
X 10400  Y 197200
X 10600  Y 191700
X -6299  Y 190551
X -6299  Y 166929
X 1574  Y 166929
X 9448  Y 166929
X 1574  Y 159055
X 9448  Y 159055
X -6299  Y 151181
X 9448  Y 151181
X 1574  Y 151181
X 9448  Y 143307
X 1574  Y 143307
X 9448  Y 127559
X -6400  Y 118500
X 1574  Y 111811
X -6299  Y 111811
X 8100  Y 108000
X -6299  Y 103937
X 1574  Y 103937
X -6299  Y 96062
X -2600  Y 88900
X 1574  Y 88188
X 7480  Y 80314
X 9448  Y 64566
X 10200  Y 59200
X -4330  Y 47637
X 1574  Y 40944
X -6000  Y 35100
X 7480  Y 33070
X -6299  Y 25196
X 5511  Y 17322
X 5511  Y 1574
X 4500  Y -2500
X 5511  Y -5905
X 0  Y -19400
X 8700  Y -42900
X -3600  Y -45700
X -600  Y -45700
X 2500  Y -61900
X 7480  Y -67322
X 7480  Y -83070
X -6299  Y -108661
X 1574  Y -108661
X 25196  Y -108661
X 23228  Y -83070
X 26771  Y -70866
X 20472  Y -59448
X 20472  Y -53543
X 38976  Y -51574
X 19600  Y -49200
X 18400  Y -43800
X 25196  Y -37795
X 33070  Y -37795
X 38976  Y -29921
X 25196  Y -22047
X 33070  Y -14173
X 25196  Y -14173
X 25196  Y -6299
X 23228  Y 9448
X 27559  Y 16929
X 33070  Y 17322
X 25500  Y 21200
X 31600  Y 25400
X 20800  Y 27300
X 23900  Y 29700
X 36700  Y 33100
X 24300  Y 33700
X 22500  Y 46600
X 26400  Y 49900
X 39400  Y 53400
X 21500  Y 53600
X 17322  Y 64566
X 33070  Y 64566
X 26900  Y 90900
X 18110  Y 99212
X 33070  Y 111811
X 23228  Y 113779
X 33070  Y 143307
X 33070  Y 151181
X 17322  Y 166929
X 15354  Y 176771
X 15354  Y 184645
X 32800  Y 238900
X 39500  Y 245600
X 56692  Y 245669
X 64566  Y 245669
X 56692  Y 237795
X 64566  Y 237795
X 40400  Y 237500
X 56692  Y 229921
X 64566  Y 229921
X 46850  Y 224015
X 56692  Y 222047
X 64566  Y 222047
X 40944  Y 151181
X 64566  Y 151181
X 64566  Y 143307
X 56692  Y 135433
X 48818  Y 135433
X 48818  Y 127559
X 40944  Y 127559
X 63300  Y 114400
X 56692  Y 103937
X 40944  Y 96062
X 64566  Y 88188
X 48818  Y 88188
X 56692  Y 88188
X 48818  Y 80314
X 55905  Y 73622
X 40944  Y 72440
X 53400  Y 67200
X 40944  Y 64566
X 62598  Y 58661
X 53800  Y 57400
X 41700  Y 55600
X 41400  Y 50800
X 54724  Y 50787
X 55700  Y 47500
X 46850  Y 42913
X 64566  Y 40944
X 55400  Y 35700
X 42125  Y 34251
X 62300  Y 20100
X 48818  Y 17322
X 56692  Y 17322
X 40944  Y 17322
X 64600  Y 11200
X 47700  Y 6500
X 54724  Y -12204
X 57874  Y -19291
X 48818  Y -29921
X 49212  Y -41338
X 42125  Y -64173
X 51181  Y -64173
X 56299  Y -65354
X 62204  Y -71259
X 46300  Y -84700
X 56692  Y -85039
X 62598  Y -96062
X 56692  Y -96456
X 62000  Y -102300
X 56692  Y -108661
X 70472  Y -98818
X 70472  Y -90944
X 80314  Y -77165
X 72440  Y -77165
X 88188  Y -77165
X 76771  Y -73228
X 88976  Y -72440
X 83464  Y -69291
X 75984  Y -68503
X 84251  Y -49606
X 87600  Y -42500
X 84251  Y -37795
X 88188  Y -22047
X 88188  Y -14173
X 73600  Y -12300
X 81100  Y -11200
X 88188  Y 9448
X 82100  Y 13100
X 85000  Y 22500
X 85000  Y 43500
X 72900  Y 43800
X 72440  Y 48818
X 73300  Y 61400
X 65100  Y 69700
X 72440  Y 72440
X 86500  Y 80900
X 80314  Y 88188
X 88188  Y 88188
X 83700  Y 112400
X 88188  Y 119685
X 80314  Y 119685
X 72440  Y 119685
X 88188  Y 127559
X 72440  Y 135433
X 80314  Y 135433
X 88188  Y 143307
X 80314  Y 143307
X 88188  Y 151181
X 72440  Y 151181
X 75700  Y 172100
X 80314  Y 174803
X 73300  Y 175000
X 72440  Y 182677
X 80314  Y 182677
X 72440  Y 190551
X 88188  Y 190551
X 80314  Y 190551
X 72440  Y 198425
X 88188  Y 198425
X 80314  Y 198425
X 72440  Y 206299
X 80314  Y 206299
X 88188  Y 206299
X 80314  Y 214173
X 88188  Y 214173
X 72440  Y 214173
X 72440  Y 222047
X 80314  Y 222047
X 80314  Y 229921
X 72440  Y 229921
X 88188  Y 229921
X 80314  Y 237795
X 72440  Y 237795
X 72440  Y 245669
X 80314  Y 245669
X 94094  Y 247637
X 103937  Y 245669
X 103937  Y 237795
X 96062  Y 214173
X 111811  Y 214173
X 96062  Y 206299
X 111811  Y 206299
X 96062  Y 198425
X 111811  Y 198425
X 96062  Y 190551
X 111811  Y 190551
X 109800  Y 185900
X 112500  Y 184400
X 93300  Y 182500
X 103937  Y 166929
X 109100  Y 163800
X 103937  Y 159055
X 96062  Y 159055
X 111811  Y 135433
X 96062  Y 127559
X 111811  Y 119685
X 96062  Y 119685
X 111811  Y 111811
X 103937  Y 103937
X 111811  Y 103937
X 111811  Y 96062
X 103937  Y 96062
X 96062  Y 88188
X 109842  Y 82283
X 96062  Y 80314
X 111811  Y 64566
X 98031  Y 55511
X 93307  Y 54330
X 103937  Y 48818
X 111811  Y 40944
X 91732  Y 33858
X 103937  Y 25196
X 109842  Y 11417
X 96062  Y 9448
X 96062  Y 1574
X 103937  Y 1574
X 92200  Y -5100
X 96062  Y -14173
X 103937  Y -14173
X 103937  Y -22047
X 96062  Y -22047
X 96062  Y -29921
X 103937  Y -29921
X 109842  Y -43700
X 109842  Y -51574
X 99606  Y -52755
X 109842  Y -59448
X 109842  Y -67322
X 90000  Y -67900
X 100000  Y -72440
X 103937  Y -77165
X 111811  Y -85039
X 103937  Y -92913
X 111811  Y -92913
X 111811  Y -100787
X 103937  Y -100787
X 96062  Y -108661
X 111811  Y -108661
X 103937  Y -108661
X 119685  Y -108661
X 119685  Y -100787
X 119685  Y -92913
X 119685  Y -85039
X 119685  Y -77165
X 119685  Y -69291
X 119685  Y -61417
X 119685  Y -53543
X 119685  Y -45669
X 119685  Y -37795
X 119685  Y -29921
X 119685  Y -22047
X 119685  Y -14173
X 119685  Y -6299
X 119685  Y 1574
X 119685  Y 9448
X 119685  Y 17322
X 119685  Y 25196
X 119685  Y 33070
X 119685  Y 40944
X 119685  Y 48818
X 119685  Y 56692
X 119685  Y 64566
X 125590  Y 74409
X 125590  Y 121653
X 125590  Y 137401
X 115354  Y 144094
X 125590  Y 145275
X 119685  Y 159055
X 119685  Y 166929
X 119685  Y 174803
X 119685  Y 182677
X 119685  Y 190551
X 119685  Y 198425
X 119685  Y 206299
X 119685  Y 214173
X 119685  Y 222047
X 125590  Y 229921
X 119685  Y 237795
X 119685  Y 245669

Drill: .01575  Tool: 2  Feed: 95  Speed: 300
X -34600  Y -43400
X -6500  Y -35700
X -27600  Y 25800
X 69400  Y 28100
X 59800  Y -38900

Drill: .02756  Tool: 3  Feed: 197  Speed: 550
X 115200  Y 44051
X 115200  Y 51925
X 115200  Y 59800

Drill: .03937  Tool: 4  Feed: 197  Speed: 550
X 111820  Y 127006
X 121820  Y 127006

Drill: .04331  Tool: 5  Feed: 139  Speed: 550
X 104900  Y -5789
X 104900  Y 7989

Drill: .04528  Tool: 6  Feed: 139  Speed: 550
X 118700  Y 74500
X 118700  Y 84500
X 118700  Y 94500
X 118700  Y 104500
X 118700  Y 114500

Drill: .04724  Tool: 7  Feed: 139  Speed: 550
X -17670  Y -89304
X 11857  Y -89304
X 2014  Y -89304
X -7827  Y -89304
X -7827  Y -77493
X -17670  Y -77493
X 11857  Y -77493
X 2014  Y -77493
X 31542  Y -77493
X 21700  Y -77493
X 61070  Y -77493
X 41385  Y -77493
X 51227  Y -77493
X 61070  Y -89304
X 21700  Y -89304
X 51227  Y -89304
X 41385  Y -89304
X 31542  Y -89304

Drill: .05906  Tool: 8  Feed: 107  Speed: 550
X 100300  Y 231400

Drill: .06693  Tool: 9  Feed: 89  Speed: 550
X 90300  Y 221400
X 110300  Y 221400
X 110300  Y 241400
X 90300  Y 241400

Drill: .12795  Tool: 10  Feed: 35  Speed: 794
X -39323  Y -95210
X 82723  Y -95210

End of Listing
